\BOOKMARK [0][-]{chapter.1}{\376\377\0001\000\040\000H\000i\000e\000r\000a\000r\000c\000h\000i\000c\000a\000l\000\040\000I\000n\000d\000e\000x}{}% 1
\BOOKMARK [1][-]{section.1.1}{\376\377\0001\000.\0001\000\040\000C\000l\000a\000s\000s\000\040\000H\000i\000e\000r\000a\000r\000c\000h\000y}{chapter.1}% 2
\BOOKMARK [0][-]{chapter.2}{\376\377\0002\000\040\000C\000l\000a\000s\000s\000\040\000I\000n\000d\000e\000x}{}% 3
\BOOKMARK [1][-]{section.2.1}{\376\377\0002\000.\0001\000\040\000C\000l\000a\000s\000s\000\040\000L\000i\000s\000t}{chapter.2}% 4
\BOOKMARK [0][-]{chapter.3}{\376\377\0003\000\040\000C\000l\000a\000s\000s\000\040\000D\000o\000c\000u\000m\000e\000n\000t\000a\000t\000i\000o\000n}{}% 5
\BOOKMARK [1][-]{section.3.1}{\376\377\0003\000.\0001\000\040\000A\000p\000p\000S\000t\000a\000t\000e\000\040\000C\000l\000a\000s\000s\000\040\000R\000e\000f\000e\000r\000e\000n\000c\000e}{chapter.3}% 6
\BOOKMARK [2][-]{subsection.3.1.1}{\376\377\0003\000.\0001\000.\0001\000\040\000D\000e\000t\000a\000i\000l\000e\000d\000\040\000D\000e\000s\000c\000r\000i\000p\000t\000i\000o\000n}{section.3.1}% 7
\BOOKMARK [1][-]{section.3.2}{\376\377\0003\000.\0002\000\040\000A\000r\000t\000w\000o\000r\000k\000\040\000C\000l\000a\000s\000s\000\040\000R\000e\000f\000e\000r\000e\000n\000c\000e}{chapter.3}% 8
\BOOKMARK [2][-]{subsection.3.2.1}{\376\377\0003\000.\0002\000.\0001\000\040\000D\000e\000t\000a\000i\000l\000e\000d\000\040\000D\000e\000s\000c\000r\000i\000p\000t\000i\000o\000n}{section.3.2}% 9
\BOOKMARK [1][-]{section.3.3}{\376\377\0003\000.\0003\000\040\000C\000l\000o\000s\000e\000B\000u\000t\000t\000o\000n\000B\000e\000h\000a\000v\000i\000o\000r\000\040\000C\000l\000a\000s\000s\000\040\000R\000e\000f\000e\000r\000e\000n\000c\000e}{chapter.3}% 10
\BOOKMARK [2][-]{subsection.3.3.1}{\376\377\0003\000.\0003\000.\0001\000\040\000D\000e\000t\000a\000i\000l\000e\000d\000\040\000D\000e\000s\000c\000r\000i\000p\000t\000i\000o\000n}{section.3.3}% 11
\BOOKMARK [2][-]{subsection.3.3.2}{\376\377\0003\000.\0003\000.\0002\000\040\000M\000e\000m\000b\000e\000r\000\040\000F\000u\000n\000c\000t\000i\000o\000n\000\040\000D\000o\000c\000u\000m\000e\000n\000t\000a\000t\000i\000o\000n}{section.3.3}% 12
\BOOKMARK [3][-]{subsubsection.3.3.2.1}{\376\377\0003\000.\0003\000.\0002\000.\0001\000\040\000S\000t\000a\000r\000t\000\050\000\051}{subsection.3.3.2}% 13
\BOOKMARK [1][-]{section.3.4}{\376\377\0003\000.\0004\000\040\000F\000i\000l\000t\000e\000r\000s\000\040\000C\000l\000a\000s\000s\000\040\000R\000e\000f\000e\000r\000e\000n\000c\000e}{chapter.3}% 14
\BOOKMARK [2][-]{subsection.3.4.1}{\376\377\0003\000.\0004\000.\0001\000\040\000D\000e\000t\000a\000i\000l\000e\000d\000\040\000D\000e\000s\000c\000r\000i\000p\000t\000i\000o\000n}{section.3.4}% 15
\BOOKMARK [2][-]{subsection.3.4.2}{\376\377\0003\000.\0004\000.\0002\000\040\000M\000e\000m\000b\000e\000r\000\040\000F\000u\000n\000c\000t\000i\000o\000n\000\040\000D\000o\000c\000u\000m\000e\000n\000t\000a\000t\000i\000o\000n}{section.3.4}% 16
\BOOKMARK [3][-]{subsubsection.3.4.2.1}{\376\377\0003\000.\0004\000.\0002\000.\0001\000\040\000F\000i\000l\000t\000e\000r\000F\000o\000r\000A\000u\000t\000h\000o\000r\000\050\000\051}{subsection.3.4.2}% 17
\BOOKMARK [3][-]{subsubsection.3.4.2.2}{\376\377\0003\000.\0004\000.\0002\000.\0002\000\040\000F\000i\000l\000t\000e\000r\000F\000o\000r\000C\000v\000\050\000\051}{subsection.3.4.2}% 18
\BOOKMARK [3][-]{subsubsection.3.4.2.3}{\376\377\0003\000.\0004\000.\0002\000.\0003\000\040\000F\000i\000l\000t\000e\000r\000F\000o\000r\000T\000a\000g\000\050\000\051}{subsection.3.4.2}% 19
\BOOKMARK [3][-]{subsubsection.3.4.2.4}{\376\377\0003\000.\0004\000.\0002\000.\0004\000\040\000F\000i\000l\000t\000e\000r\000F\000o\000r\000Y\000e\000a\000r\000\050\000\051}{subsection.3.4.2}% 20
\BOOKMARK [3][-]{subsubsection.3.4.2.5}{\376\377\0003\000.\0004\000.\0002\000.\0005\000\040\000G\000e\000t\000A\000l\000l\000A\000u\000t\000h\000o\000r\000s\000\050\000\051}{subsection.3.4.2}% 21
\BOOKMARK [3][-]{subsubsection.3.4.2.6}{\376\377\0003\000.\0004\000.\0002\000.\0006\000\040\000G\000e\000t\000A\000l\000l\000T\000a\000g\000s\000\050\000\051}{subsection.3.4.2}% 22
\BOOKMARK [3][-]{subsubsection.3.4.2.7}{\376\377\0003\000.\0004\000.\0002\000.\0007\000\040\000G\000e\000t\000A\000l\000l\000Y\000e\000a\000r\000s\000\050\000\051}{subsection.3.4.2}% 23
\BOOKMARK [3][-]{subsubsection.3.4.2.8}{\376\377\0003\000.\0004\000.\0002\000.\0008\000\040\000G\000e\000t\000A\000r\000t\000w\000o\000r\000k\000B\000y\000N\000a\000m\000e\000\050\000\051}{subsection.3.4.2}% 24
\BOOKMARK [1][-]{section.3.5}{\376\377\0003\000.\0005\000\040\000F\000i\000t\000B\000a\000c\000k\000g\000r\000o\000u\000n\000d\000T\000o\000T\000e\000x\000t\000\040\000C\000l\000a\000s\000s\000\040\000R\000e\000f\000e\000r\000e\000n\000c\000e}{chapter.3}% 25
\BOOKMARK [2][-]{subsection.3.5.1}{\376\377\0003\000.\0005\000.\0001\000\040\000D\000e\000t\000a\000i\000l\000e\000d\000\040\000D\000e\000s\000c\000r\000i\000p\000t\000i\000o\000n}{section.3.5}% 26
\BOOKMARK [2][-]{subsection.3.5.2}{\376\377\0003\000.\0005\000.\0002\000\040\000M\000e\000m\000b\000e\000r\000\040\000F\000u\000n\000c\000t\000i\000o\000n\000\040\000D\000o\000c\000u\000m\000e\000n\000t\000a\000t\000i\000o\000n}{section.3.5}% 27
\BOOKMARK [3][-]{subsubsection.3.5.2.1}{\376\377\0003\000.\0005\000.\0002\000.\0001\000\040\000O\000n\000E\000n\000a\000b\000l\000e\000\050\000\051}{subsection.3.5.2}% 28
\BOOKMARK [1][-]{section.3.6}{\376\377\0003\000.\0006\000\040\000G\000a\000l\000l\000e\000r\000y\000S\000p\000a\000w\000n\000e\000r\000\040\000C\000l\000a\000s\000s\000\040\000R\000e\000f\000e\000r\000e\000n\000c\000e}{chapter.3}% 29
\BOOKMARK [2][-]{subsection.3.6.1}{\376\377\0003\000.\0006\000.\0001\000\040\000D\000e\000t\000a\000i\000l\000e\000d\000\040\000D\000e\000s\000c\000r\000i\000p\000t\000i\000o\000n}{section.3.6}% 30
\BOOKMARK [2][-]{subsection.3.6.2}{\376\377\0003\000.\0006\000.\0002\000\040\000M\000e\000m\000b\000e\000r\000\040\000F\000u\000n\000c\000t\000i\000o\000n\000\040\000D\000o\000c\000u\000m\000e\000n\000t\000a\000t\000i\000o\000n}{section.3.6}% 31
\BOOKMARK [3][-]{subsubsection.3.6.2.1}{\376\377\0003\000.\0006\000.\0002\000.\0001\000\040\000S\000e\000t\000S\000t\000y\000l\000e\000\050\000\051}{subsection.3.6.2}% 32
\BOOKMARK [3][-]{subsubsection.3.6.2.2}{\376\377\0003\000.\0006\000.\0002\000.\0002\000\040\000S\000p\000a\000w\000n\000G\000a\000l\000l\000e\000r\000y\000\050\000\051}{subsection.3.6.2}% 33
\BOOKMARK [1][-]{section.3.7}{\376\377\0003\000.\0007\000\040\000G\000u\000i\000d\000e\000V\000o\000i\000c\000e\000\040\000C\000l\000a\000s\000s\000\040\000R\000e\000f\000e\000r\000e\000n\000c\000e}{chapter.3}% 34
\BOOKMARK [2][-]{subsection.3.7.1}{\376\377\0003\000.\0007\000.\0001\000\040\000D\000e\000t\000a\000i\000l\000e\000d\000\040\000D\000e\000s\000c\000r\000i\000p\000t\000i\000o\000n}{section.3.7}% 35
\BOOKMARK [2][-]{subsection.3.7.2}{\376\377\0003\000.\0007\000.\0002\000\040\000M\000e\000m\000b\000e\000r\000\040\000E\000n\000u\000m\000e\000r\000a\000t\000i\000o\000n\000\040\000D\000o\000c\000u\000m\000e\000n\000t\000a\000t\000i\000o\000n}{section.3.7}% 36
\BOOKMARK [3][-]{subsubsection.3.7.2.1}{\376\377\0003\000.\0007\000.\0002\000.\0001\000\040\000A\000c\000t\000i\000v\000a\000t\000i\000o\000n\000M\000o\000d\000e}{subsection.3.7.2}% 37
\BOOKMARK [2][-]{subsection.3.7.3}{\376\377\0003\000.\0007\000.\0003\000\040\000M\000e\000m\000b\000e\000r\000\040\000F\000u\000n\000c\000t\000i\000o\000n\000\040\000D\000o\000c\000u\000m\000e\000n\000t\000a\000t\000i\000o\000n}{section.3.7}% 38
\BOOKMARK [3][-]{subsubsection.3.7.3.1}{\376\377\0003\000.\0007\000.\0003\000.\0001\000\040\000O\000n\000T\000r\000i\000g\000g\000e\000r\000E\000n\000t\000e\000r\000\050\000\051}{subsection.3.7.3}% 39
\BOOKMARK [3][-]{subsubsection.3.7.3.2}{\376\377\0003\000.\0007\000.\0003\000.\0002\000\040\000O\000n\000T\000r\000i\000g\000g\000e\000r\000E\000x\000i\000t\000\050\000\051}{subsection.3.7.3}% 40
\BOOKMARK [1][-]{section.3.8}{\376\377\0003\000.\0008\000\040\000H\000a\000n\000d\000\040\000C\000l\000a\000s\000s\000\040\000R\000e\000f\000e\000r\000e\000n\000c\000e}{chapter.3}% 41
\BOOKMARK [2][-]{subsection.3.8.1}{\376\377\0003\000.\0008\000.\0001\000\040\000D\000e\000t\000a\000i\000l\000e\000d\000\040\000D\000e\000s\000c\000r\000i\000p\000t\000i\000o\000n}{section.3.8}% 42
\BOOKMARK [2][-]{subsection.3.8.2}{\376\377\0003\000.\0008\000.\0002\000\040\000M\000e\000m\000b\000e\000r\000\040\000F\000u\000n\000c\000t\000i\000o\000n\000\040\000D\000o\000c\000u\000m\000e\000n\000t\000a\000t\000i\000o\000n}{section.3.8}% 43
\BOOKMARK [3][-]{subsubsection.3.8.2.1}{\376\377\0003\000.\0008\000.\0002\000.\0001\000\040\000A\000n\000i\000m\000a\000t\000e\000H\000a\000n\000d\000\050\000\051}{subsection.3.8.2}% 44
\BOOKMARK [3][-]{subsubsection.3.8.2.2}{\376\377\0003\000.\0008\000.\0002\000.\0002\000\040\000S\000t\000a\000r\000t\000\050\000\051}{subsection.3.8.2}% 45
\BOOKMARK [3][-]{subsubsection.3.8.2.3}{\376\377\0003\000.\0008\000.\0002\000.\0003\000\040\000U\000p\000d\000a\000t\000e\000\050\000\051}{subsection.3.8.2}% 46
\BOOKMARK [1][-]{section.3.9}{\376\377\0003\000.\0009\000\040\000H\000a\000n\000d\000C\000o\000n\000t\000r\000o\000l\000l\000e\000r\000\040\000C\000l\000a\000s\000s\000\040\000R\000e\000f\000e\000r\000e\000n\000c\000e}{chapter.3}% 47
\BOOKMARK [2][-]{subsection.3.9.1}{\376\377\0003\000.\0009\000.\0001\000\040\000D\000e\000t\000a\000i\000l\000e\000d\000\040\000D\000e\000s\000c\000r\000i\000p\000t\000i\000o\000n}{section.3.9}% 48
\BOOKMARK [2][-]{subsection.3.9.2}{\376\377\0003\000.\0009\000.\0002\000\040\000M\000e\000m\000b\000e\000r\000\040\000F\000u\000n\000c\000t\000i\000o\000n\000\040\000D\000o\000c\000u\000m\000e\000n\000t\000a\000t\000i\000o\000n}{section.3.9}% 49
\BOOKMARK [3][-]{subsubsection.3.9.2.1}{\376\377\0003\000.\0009\000.\0002\000.\0001\000\040\000S\000t\000a\000r\000t\000\050\000\051}{subsection.3.9.2}% 50
\BOOKMARK [3][-]{subsubsection.3.9.2.2}{\376\377\0003\000.\0009\000.\0002\000.\0002\000\040\000U\000p\000d\000a\000t\000e\000\050\000\051}{subsection.3.9.2}% 51
\BOOKMARK [1][-]{section.3.10}{\376\377\0003\000.\0001\0000\000\040\000K\000e\000y\000w\000o\000r\000d\000M\000a\000n\000a\000g\000e\000r\000\040\000C\000l\000a\000s\000s\000\040\000R\000e\000f\000e\000r\000e\000n\000c\000e}{chapter.3}% 52
\BOOKMARK [2][-]{subsection.3.10.1}{\376\377\0003\000.\0001\0000\000.\0001\000\040\000D\000e\000t\000a\000i\000l\000e\000d\000\040\000D\000e\000s\000c\000r\000i\000p\000t\000i\000o\000n}{section.3.10}% 53
\BOOKMARK [2][-]{subsection.3.10.2}{\376\377\0003\000.\0001\0000\000.\0002\000\040\000M\000e\000m\000b\000e\000r\000\040\000F\000u\000n\000c\000t\000i\000o\000n\000\040\000D\000o\000c\000u\000m\000e\000n\000t\000a\000t\000i\000o\000n}{section.3.10}% 54
\BOOKMARK [3][-]{subsubsection.3.10.2.1}{\376\377\0003\000.\0001\0000\000.\0002\000.\0001\000\040\000A\000d\000d\000T\000o\000F\000i\000l\000t\000e\000r\000L\000i\000s\000t\000\050\000\051}{subsection.3.10.2}% 55
\BOOKMARK [3][-]{subsubsection.3.10.2.2}{\376\377\0003\000.\0001\0000\000.\0002\000.\0002\000\040\000C\000r\000e\000a\000t\000e\000A\000u\000t\000h\000o\000r\000B\000u\000t\000t\000o\000n\000s\000\050\000\051}{subsection.3.10.2}% 56
\BOOKMARK [3][-]{subsubsection.3.10.2.3}{\376\377\0003\000.\0001\0000\000.\0002\000.\0003\000\040\000C\000r\000e\000a\000t\000e\000F\000i\000l\000t\000e\000r\000B\000u\000t\000t\000o\000n\000s\000\050\000\051}{subsection.3.10.2}% 57
\BOOKMARK [3][-]{subsubsection.3.10.2.4}{\376\377\0003\000.\0001\0000\000.\0002\000.\0004\000\040\000D\000i\000s\000p\000l\000a\000y\000F\000i\000l\000t\000e\000r\000s\000\050\000\051}{subsection.3.10.2}% 58
\BOOKMARK [3][-]{subsubsection.3.10.2.5}{\376\377\0003\000.\0001\0000\000.\0002\000.\0005\000\040\000F\000i\000l\000t\000e\000r\000F\000o\000r\000C\000v\000\050\000\051}{subsection.3.10.2}% 59
\BOOKMARK [3][-]{subsubsection.3.10.2.6}{\376\377\0003\000.\0001\0000\000.\0002\000.\0006\000\040\000F\000i\000l\000t\000e\000r\000F\000o\000r\000T\000a\000g\000\050\000\051}{subsection.3.10.2}% 60
\BOOKMARK [3][-]{subsubsection.3.10.2.7}{\376\377\0003\000.\0001\0000\000.\0002\000.\0007\000\040\000F\000i\000l\000t\000e\000r\000F\000o\000r\000Y\000e\000a\000r\000\050\000\051}{subsection.3.10.2}% 61
\BOOKMARK [3][-]{subsubsection.3.10.2.8}{\376\377\0003\000.\0001\0000\000.\0002\000.\0008\000\040\000G\000e\000t\000A\000r\000t\000w\000o\000r\000k\000B\000y\000N\000a\000m\000e\000\050\000\051}{subsection.3.10.2}% 62
\BOOKMARK [3][-]{subsubsection.3.10.2.9}{\376\377\0003\000.\0001\0000\000.\0002\000.\0009\000\040\000I\000s\000T\000a\000g\000s\000L\000i\000s\000t\000E\000m\000p\000t\000y\000\050\000\051}{subsection.3.10.2}% 63
\BOOKMARK [3][-]{subsubsection.3.10.2.10}{\376\377\0003\000.\0001\0000\000.\0002\000.\0001\0000\000\040\000R\000e\000s\000e\000t\000P\000o\000o\000l\000\050\000\051}{subsection.3.10.2}% 64
\BOOKMARK [3][-]{subsubsection.3.10.2.11}{\376\377\0003\000.\0001\0000\000.\0002\000.\0001\0001\000\040\000S\000t\000a\000r\000t\000\050\000\051}{subsection.3.10.2}% 65
\BOOKMARK [1][-]{section.3.11}{\376\377\0003\000.\0001\0001\000\040\000K\000e\000y\000w\000o\000r\000d\000s\000S\000p\000e\000e\000c\000h\000R\000e\000c\000o\000g\000n\000i\000t\000i\000o\000n\000\040\000C\000l\000a\000s\000s\000\040\000R\000e\000f\000e\000r\000e\000n\000c\000e}{chapter.3}% 66
\BOOKMARK [2][-]{subsection.3.11.1}{\376\377\0003\000.\0001\0001\000.\0001\000\040\000D\000e\000t\000a\000i\000l\000e\000d\000\040\000D\000e\000s\000c\000r\000i\000p\000t\000i\000o\000n}{section.3.11}% 67
\BOOKMARK [2][-]{subsection.3.11.2}{\376\377\0003\000.\0001\0001\000.\0002\000\040\000M\000e\000m\000b\000e\000r\000\040\000F\000u\000n\000c\000t\000i\000o\000n\000\040\000D\000o\000c\000u\000m\000e\000n\000t\000a\000t\000i\000o\000n}{section.3.11}% 68
\BOOKMARK [3][-]{subsubsection.3.11.2.1}{\376\377\0003\000.\0001\0001\000.\0002\000.\0001\000\040\000D\000i\000c\000t\000a\000t\000i\000o\000n\000R\000e\000c\000o\000g\000n\000i\000z\000e\000r\000\137\000D\000i\000c\000t\000a\000t\000i\000o\000n\000E\000r\000r\000o\000r\000\050\000\051}{subsection.3.11.2}% 69
\BOOKMARK [3][-]{subsubsection.3.11.2.2}{\376\377\0003\000.\0001\0001\000.\0002\000.\0002\000\040\000D\000i\000c\000t\000a\000t\000i\000o\000n\000R\000e\000c\000o\000g\000n\000i\000z\000e\000r\000\137\000D\000i\000c\000t\000a\000t\000i\000o\000n\000H\000y\000p\000o\000t\000h\000e\000s\000i\000s\000\050\000\051}{subsection.3.11.2}% 70
\BOOKMARK [3][-]{subsubsection.3.11.2.3}{\376\377\0003\000.\0001\0001\000.\0002\000.\0003\000\040\000D\000i\000c\000t\000a\000t\000i\000o\000n\000R\000e\000c\000o\000g\000n\000i\000z\000e\000r\000\137\000D\000i\000c\000t\000a\000t\000i\000o\000n\000R\000e\000s\000u\000l\000t\000\050\000\051}{subsection.3.11.2}% 71
\BOOKMARK [3][-]{subsubsection.3.11.2.4}{\376\377\0003\000.\0001\0001\000.\0002\000.\0004\000\040\000O\000n\000D\000i\000s\000a\000b\000l\000e\000\050\000\051}{subsection.3.11.2}% 72
\BOOKMARK [3][-]{subsubsection.3.11.2.5}{\376\377\0003\000.\0001\0001\000.\0002\000.\0005\000\040\000O\000n\000E\000n\000a\000b\000l\000e\000\050\000\051}{subsection.3.11.2}% 73
\BOOKMARK [3][-]{subsubsection.3.11.2.6}{\376\377\0003\000.\0001\0001\000.\0002\000.\0006\000\040\000R\000e\000t\000u\000r\000n\000G\000u\000e\000s\000s\000e\000s\000\050\000\051}{subsection.3.11.2}% 74
\BOOKMARK [3][-]{subsubsection.3.11.2.7}{\376\377\0003\000.\0001\0001\000.\0002\000.\0007\000\040\000S\000t\000o\000p\000S\000p\000e\000e\000c\000h\000T\000o\000T\000e\000x\000t\000\050\000\051}{subsection.3.11.2}% 75
\BOOKMARK [3][-]{subsubsection.3.11.2.8}{\376\377\0003\000.\0001\0001\000.\0002\000.\0008\000\040\000T\000o\000g\000g\000l\000e\000V\000a\000l\000u\000e\000C\000h\000a\000n\000g\000e\000d\000\050\000\051}{subsection.3.11.2}% 76
\BOOKMARK [1][-]{section.3.12}{\376\377\0003\000.\0001\0002\000\040\000M\000e\000n\000u\000M\000a\000n\000a\000g\000e\000r\000S\000c\000r\000i\000p\000t\000\040\000C\000l\000a\000s\000s\000\040\000R\000e\000f\000e\000r\000e\000n\000c\000e}{chapter.3}% 77
\BOOKMARK [2][-]{subsection.3.12.1}{\376\377\0003\000.\0001\0002\000.\0001\000\040\000D\000e\000t\000a\000i\000l\000e\000d\000\040\000D\000e\000s\000c\000r\000i\000p\000t\000i\000o\000n}{section.3.12}% 78
\BOOKMARK [2][-]{subsection.3.12.2}{\376\377\0003\000.\0001\0002\000.\0002\000\040\000M\000e\000m\000b\000e\000r\000\040\000F\000u\000n\000c\000t\000i\000o\000n\000\040\000D\000o\000c\000u\000m\000e\000n\000t\000a\000t\000i\000o\000n}{section.3.12}% 79
\BOOKMARK [3][-]{subsubsection.3.12.2.1}{\376\377\0003\000.\0001\0002\000.\0002\000.\0001\000\040\000S\000t\000a\000r\000t\000\050\000\051}{subsection.3.12.2}% 80
\BOOKMARK [1][-]{section.3.13}{\376\377\0003\000.\0001\0003\000\040\000P\000r\000o\000f\000i\000l\000e\000M\000a\000n\000a\000g\000e\000r\000\040\000C\000l\000a\000s\000s\000\040\000R\000e\000f\000e\000r\000e\000n\000c\000e}{chapter.3}% 81
\BOOKMARK [2][-]{subsection.3.13.1}{\376\377\0003\000.\0001\0003\000.\0001\000\040\000D\000e\000t\000a\000i\000l\000e\000d\000\040\000D\000e\000s\000c\000r\000i\000p\000t\000i\000o\000n}{section.3.13}% 82
\BOOKMARK [2][-]{subsection.3.13.2}{\376\377\0003\000.\0001\0003\000.\0002\000\040\000M\000e\000m\000b\000e\000r\000\040\000F\000u\000n\000c\000t\000i\000o\000n\000\040\000D\000o\000c\000u\000m\000e\000n\000t\000a\000t\000i\000o\000n}{section.3.13}% 83
\BOOKMARK [3][-]{subsubsection.3.13.2.1}{\376\377\0003\000.\0001\0003\000.\0002\000.\0001\000\040\000G\000e\000t\000L\000a\000s\000t\000T\000a\000g\000s\000\050\000\051}{subsection.3.13.2}% 84
\BOOKMARK [3][-]{subsubsection.3.13.2.2}{\376\377\0003\000.\0001\0003\000.\0002\000.\0002\000\040\000I\000n\000c\000r\000e\000a\000s\000e\000S\000t\000y\000l\000e\000F\000r\000e\000q\000u\000e\000n\000c\000y\000\050\000\051}{subsection.3.13.2}% 85
\BOOKMARK [3][-]{subsubsection.3.13.2.3}{\376\377\0003\000.\0001\0003\000.\0002\000.\0003\000\040\000S\000h\000o\000w\000P\000r\000o\000f\000i\000l\000e\000\050\000\051}{subsection.3.13.2}% 86
\BOOKMARK [3][-]{subsubsection.3.13.2.4}{\376\377\0003\000.\0001\0003\000.\0002\000.\0004\000\040\000S\000o\000r\000t\000\050\000\051}{subsection.3.13.2}% 87
\BOOKMARK [3][-]{subsubsection.3.13.2.5}{\376\377\0003\000.\0001\0003\000.\0002\000.\0005\000\040\000S\000t\000a\000r\000t\000\050\000\051}{subsection.3.13.2}% 88
\BOOKMARK [1][-]{section.3.14}{\376\377\0003\000.\0001\0004\000\040\000S\000t\000y\000l\000e\000B\000u\000t\000t\000o\000n\000B\000e\000h\000a\000v\000i\000o\000r\000\040\000C\000l\000a\000s\000s\000\040\000R\000e\000f\000e\000r\000e\000n\000c\000e}{chapter.3}% 89
\BOOKMARK [2][-]{subsection.3.14.1}{\376\377\0003\000.\0001\0004\000.\0001\000\040\000D\000e\000t\000a\000i\000l\000e\000d\000\040\000D\000e\000s\000c\000r\000i\000p\000t\000i\000o\000n}{section.3.14}% 90
\BOOKMARK [2][-]{subsection.3.14.2}{\376\377\0003\000.\0001\0004\000.\0002\000\040\000M\000e\000m\000b\000e\000r\000\040\000F\000u\000n\000c\000t\000i\000o\000n\000\040\000D\000o\000c\000u\000m\000e\000n\000t\000a\000t\000i\000o\000n}{section.3.14}% 91
\BOOKMARK [3][-]{subsubsection.3.14.2.1}{\376\377\0003\000.\0001\0004\000.\0002\000.\0001\000\040\000S\000t\000a\000r\000t\000\050\000\051}{subsection.3.14.2}% 92
\BOOKMARK [1][-]{section.3.15}{\376\377\0003\000.\0001\0005\000\040\000T\000e\000l\000e\000p\000o\000r\000t\000e\000r\000\040\000C\000l\000a\000s\000s\000\040\000R\000e\000f\000e\000r\000e\000n\000c\000e}{chapter.3}% 93
\BOOKMARK [2][-]{subsection.3.15.1}{\376\377\0003\000.\0001\0005\000.\0001\000\040\000D\000e\000t\000a\000i\000l\000e\000d\000\040\000D\000e\000s\000c\000r\000i\000p\000t\000i\000o\000n}{section.3.15}% 94
\BOOKMARK [2][-]{subsection.3.15.2}{\376\377\0003\000.\0001\0005\000.\0002\000\040\000M\000e\000m\000b\000e\000r\000\040\000F\000u\000n\000c\000t\000i\000o\000n\000\040\000D\000o\000c\000u\000m\000e\000n\000t\000a\000t\000i\000o\000n}{section.3.15}% 95
\BOOKMARK [3][-]{subsubsection.3.15.2.1}{\376\377\0003\000.\0001\0005\000.\0002\000.\0001\000\040\000B\000u\000t\000t\000o\000n\000P\000r\000e\000s\000s\000e\000d\000\050\000\051}{subsection.3.15.2}% 96
\BOOKMARK [3][-]{subsubsection.3.15.2.2}{\376\377\0003\000.\0001\0005\000.\0002\000.\0002\000\040\000B\000u\000t\000t\000o\000n\000R\000e\000l\000e\000a\000s\000e\000d\000\050\000\051}{subsection.3.15.2}% 97
\BOOKMARK [3][-]{subsubsection.3.15.2.3}{\376\377\0003\000.\0001\0005\000.\0002\000.\0003\000\040\000O\000n\000D\000i\000s\000a\000b\000l\000e\000\050\000\051}{subsection.3.15.2}% 98
\BOOKMARK [3][-]{subsubsection.3.15.2.4}{\376\377\0003\000.\0001\0005\000.\0002\000.\0004\000\040\000O\000n\000E\000n\000a\000b\000l\000e\000\050\000\051}{subsection.3.15.2}% 99
\BOOKMARK [1][-]{section.3.16}{\376\377\0003\000.\0001\0006\000\040\000V\000R\000R\000e\000s\000e\000t\000P\000l\000a\000y\000e\000r\000P\000o\000s\000i\000t\000i\000o\000n\000\040\000C\000l\000a\000s\000s\000\040\000R\000e\000f\000e\000r\000e\000n\000c\000e}{chapter.3}% 100
\BOOKMARK [2][-]{subsection.3.16.1}{\376\377\0003\000.\0001\0006\000.\0001\000\040\000D\000e\000t\000a\000i\000l\000e\000d\000\040\000D\000e\000s\000c\000r\000i\000p\000t\000i\000o\000n}{section.3.16}% 101
\BOOKMARK [0][-]{section*.65}{\376\377\000I\000n\000d\000e\000x}{}% 102
